Determining if the pthread_create exist failed with the following output:
Change Dir: /home/hyb/cartographer_source/cartographer/build/CMakeFiles/CMakeTmp

Run Build Command:/usr/bin/make "cmTryCompileExec2908662469/fast"
/usr/bin/make -f CMakeFiles/cmTryCompileExec2908662469.dir/build.make CMakeFiles/cmTryCompileExec2908662469.dir/build
make[1]: 正在进入目录 `/home/hyb/cartographer_source/cartographer/build/CMakeFiles/CMakeTmp'
/usr/bin/cmake -E cmake_progress_report /home/hyb/cartographer_source/cartographer/build/CMakeFiles/CMakeTmp/CMakeFiles 1
Building C object CMakeFiles/cmTryCompileExec2908662469.dir/CheckSymbolExists.c.o
/usr/bin/cc    -o CMakeFiles/cmTryCompileExec2908662469.dir/CheckSymbolExists.c.o   -c /home/hyb/cartographer_source/cartographer/build/CMakeFiles/CMakeTmp/CheckSymbolExists.c
Linking C executable cmTryCompileExec2908662469
/usr/bin/cmake -E cmake_link_script CMakeFiles/cmTryCompileExec2908662469.dir/link.txt --verbose=1
/usr/bin/cc       CMakeFiles/cmTryCompileExec2908662469.dir/CheckSymbolExists.c.o  -o cmTryCompileExec2908662469 -rdynamic 
CMakeFiles/cmTryCompileExec2908662469.dir/CheckSymbolExists.c.o：在函数‘main’中：
CheckSymbolExists.c:(.text+0x16)：对‘pthread_create’未定义的引用
collect2: error: ld returned 1 exit status
make[1]: *** [cmTryCompileExec2908662469] 错误 1
make[1]:正在离开目录 `/home/hyb/cartographer_source/cartographer/build/CMakeFiles/CMakeTmp'
make: *** [cmTryCompileExec2908662469/fast] 错误 2

File /home/hyb/cartographer_source/cartographer/build/CMakeFiles/CMakeTmp/CheckSymbolExists.c:
/* */
#include <pthread.h>

int main(int argc, char** argv)
{
  (void)argv;
#ifndef pthread_create
  return ((int*)(&pthread_create))[argc];
#else
  (void)argc;
  return 0;
#endif
}

Determining if the function pthread_create exists in the pthreads failed with the following output:
Change Dir: /home/hyb/cartographer_source/cartographer/build/CMakeFiles/CMakeTmp

Run Build Command:/usr/bin/make "cmTryCompileExec1867521837/fast"
/usr/bin/make -f CMakeFiles/cmTryCompileExec1867521837.dir/build.make CMakeFiles/cmTryCompileExec1867521837.dir/build
make[1]: 正在进入目录 `/home/hyb/cartographer_source/cartographer/build/CMakeFiles/CMakeTmp'
/usr/bin/cmake -E cmake_progress_report /home/hyb/cartographer_source/cartographer/build/CMakeFiles/CMakeTmp/CMakeFiles 1
Building C object CMakeFiles/cmTryCompileExec1867521837.dir/CheckFunctionExists.c.o
/usr/bin/cc   -DCHECK_FUNCTION_EXISTS=pthread_create   -o CMakeFiles/cmTryCompileExec1867521837.dir/CheckFunctionExists.c.o   -c /usr/share/cmake-2.8/Modules/CheckFunctionExists.c
Linking C executable cmTryCompileExec1867521837
/usr/bin/cmake -E cmake_link_script CMakeFiles/cmTryCompileExec1867521837.dir/link.txt --verbose=1
/usr/bin/cc   -DCHECK_FUNCTION_EXISTS=pthread_create    CMakeFiles/cmTryCompileExec1867521837.dir/CheckFunctionExists.c.o  -o cmTryCompileExec1867521837 -rdynamic -lpthreads 
/usr/bin/ld: cannot find -lpthreads
collect2: error: ld returned 1 exit status
make[1]: *** [cmTryCompileExec1867521837] 错误 1
make[1]:正在离开目录 `/home/hyb/cartographer_source/cartographer/build/CMakeFiles/CMakeTmp'
make: *** [cmTryCompileExec1867521837/fast] 错误 2


